<?xml version="1.0" encoding="UTF-8"?>
<!-- Generated by org.testng.reporters.JUnitReportReporter -->
<testsuite skipped="0" hostname="INBL01LAP20031" name="shopCategory.TC_001_Test" tests="1" failures="0" timestamp="2022-05-10T20:17:13 IST" time="11.120" errors="0">
  <testcase name="shopCategory" time="11.120" classname="shopCategory.TC_001_Test"/>
  <system-out>
Home Page is displayed successfully  </system-out>
</testsuite> <!-- shopCategory.TC_001_Test -->
