<?xml version="1.0" encoding="UTF-8"?>
<!-- Generated by org.testng.reporters.JUnitReportReporter -->
<testsuite skipped="0" hostname="TYC112156-ArpithaG" name="profiles.RT_ProfilesTC_044" tests="1" failures="0" timestamp="2022-03-01T10:38:53 IST" time="50.496" errors="0">
  <testcase name="Profiles" time="50.496" classname="profiles.RT_ProfilesTC_044"/>
  <system-out/>
</testsuite> <!-- profiles.RT_ProfilesTC_044 -->
