<?xml version="1.0" encoding="UTF-8"?>
<!-- Generated by org.testng.reporters.JUnitReportReporter -->
<testsuite skipped="0" hostname="TYC112156-ArpithaG" name="profiles.RT_ProfilesTC_036" tests="1" failures="0" timestamp="2022-03-01T15:53:52 IST" time="19.510" errors="0">
  <testcase name="Profiles" time="19.510" classname="profiles.RT_ProfilesTC_036"/>
  <system-out/>
</testsuite> <!-- profiles.RT_ProfilesTC_036 -->
