<?xml version="1.0" encoding="UTF-8"?>
<!-- Generated by org.testng.reporters.JUnitReportReporter -->
<testsuite skipped="0" hostname="TYC112156-ArpithaG" name="profiles.RT_ProfilesTC_044Test" tests="1" failures="0" timestamp="2022-03-02T12:52:24 IST" time="12.192" errors="0">
  <testcase name="Profiles" time="12.192" classname="profiles.RT_ProfilesTC_044Test"/>
  <system-out>
Home Page is displayed successfully Profile Page is displayed successfully Summary Page is displayed successfully Skills Page is displayed successfully Education Page is displayed successfully Project Page is displayed successfully  </system-out>
</testsuite> <!-- profiles.RT_ProfilesTC_044Test -->
