<?xml version="1.0" encoding="UTF-8"?>
<!-- Generated by org.testng.reporters.JUnitReportReporter -->
<testsuite skipped="0" hostname="TYC112156-ArpithaG" name="skills.RT_ProfilesTC_036" tests="1" failures="0" timestamp="2022-02-28T17:48:23 IST" time="49.337" errors="0">
  <testcase name="Profiles" time="49.337" classname="skills.RT_ProfilesTC_036"/>
  <system-out/>
</testsuite> <!-- skills.RT_ProfilesTC_036 -->
