<?xml version="1.0" encoding="UTF-8"?>
<!-- Generated by org.testng.reporters.JUnitReportReporter -->
<testsuite skipped="0" hostname="TYC112156-ArpithaG" name="skills.SampleTestCase" tests="1" failures="0" timestamp="2022-02-28T09:19:13 IST" time="6.003" errors="0">
  <testcase name="sample" time="6.003" classname="skills.SampleTestCase"/>
  <system-out/>
</testsuite> <!-- skills.SampleTestCase -->
