<?xml version="1.0" encoding="UTF-8"?>
<!-- Generated by org.testng.reporters.JUnitReportReporter -->
<testsuite skipped="0" hostname="TYC112156-ArpithaG" name="profiles.RT_ProfilesTC_043Test" tests="1" failures="0" timestamp="2022-03-02T12:55:30 IST" time="8.028" errors="0">
  <testcase name="Profiles" time="8.028" classname="profiles.RT_ProfilesTC_043Test"/>
  <system-out>
Home Page is displayed successfully Profile Page is displayed successfully  </system-out>
</testsuite> <!-- profiles.RT_ProfilesTC_043Test -->
